<?xml version="1.0" encoding="UTF-8"?>
<testng-results ignored="0" total="1" passed="1" failed="0" skipped="0">
  <reporter-output>
  </reporter-output>
  <suite started-at="2023-01-24T12:40:55 IST" name="Default suite" finished-at="2023-01-24T12:41:36 IST" duration-ms="41319">
    <groups>
    </groups>
    <test started-at="2023-01-24T12:40:55 IST" name="Default test" finished-at="2023-01-24T12:41:36 IST" duration-ms="41319">
      <class name="SaucedemoPkage.SwagLabsTest">
        <test-method is-config="true" signature="searchTest()[pri:0, instance:SaucedemoPkage.SwagLabsTest@4dbb42b7]" started-at="2023-01-24T12:40:55 IST" name="searchTest" finished-at="2023-01-24T12:41:06 IST" duration-ms="11628" status="PASS">
          <reporter-output>
          </reporter-output>
        </test-method> <!-- searchTest -->
        <test-method signature="VerifyApplication()[pri:0, instance:SaucedemoPkage.SwagLabsTest@4dbb42b7]" started-at="2023-01-24T12:41:06 IST" name="VerifyApplication" finished-at="2023-01-24T12:41:31 IST" duration-ms="24183" status="PASS">
          <reporter-output>
          </reporter-output>
        </test-method> <!-- VerifyApplication -->
        <test-method is-config="true" signature="closeApp()[pri:0, instance:SaucedemoPkage.SwagLabsTest@4dbb42b7]" started-at="2023-01-24T12:41:31 IST" name="closeApp" finished-at="2023-01-24T12:41:36 IST" duration-ms="5350" status="PASS">
          <reporter-output>
          </reporter-output>
        </test-method> <!-- closeApp -->
      </class> <!-- SaucedemoPkage.SwagLabsTest -->
    </test> <!-- Default test -->
  </suite> <!-- Default suite -->
</testng-results>
